  Building Custom Rule C:/Users/meven/Documents/Dev/Smash Ultimate/Smash-Ultimate/V1/engine/CMakeLists.txt
  basic_components.cpp
  basic_systems.cpp
  command_buffer.cpp
  game_engine_common.cpp
  imgui_basic_components.cpp
  imgui_component_base.cpp
  imgui_manager_base.cpp
  input_group.cpp
  input_manager.cpp
  ui_input.cpp
  anim.cpp
  easing_fct.cpp
  renderer.cpp
  sprite_anim.cpp
  sprite_sheet.cpp
  asset_manager.cpp
  particle_system.cpp
  scene.cpp
  scene_manager.cpp
  ui_base_list.cpp
  Generating Code...
  Compiling...
  ui_canvas.cpp
  ui_grid_layout.cpp
  ui_selectable.cpp
  ui_selectable_group.cpp
  ui_button.cpp
  ui_item_list.cpp
  ui_object.cpp
  ui_object_manager.cpp
  ui_animator.cpp
  ui_fill_rect.cpp
  ui_image.cpp
  ui_text.cpp
  color.cpp
  gizmos_shape.cpp
  timer.cpp
  utils.cpp
  imgui.cpp
  imgui_demo.cpp
  imgui_draw.cpp
  imgui_tables.cpp
  Generating Code...
  Compiling...
  imgui_widgets.cpp
  imgui_impl_sdl3.cpp
  imgui_impl_sdlrenderer3.cpp
  Generating Code...
  cJSON.c
  engine.vcxproj -> C:\Users\meven\Documents\Dev\Smash Ultimate\Smash-Ultimate\V1\_build_vs\engine\Debug\engine.lib
