  Checking File Globs
  1>Checking Build System
  CMake is re-running because C:/Users/meven/Documents/Dev/Smash Ultimate/Smash-Ultimate/V1/_build_vs/CMakeFiles/generate.stamp is out-of-date.
    the file 'C:/Users/meven/Documents/Dev/Smash Ultimate/Smash-Ultimate/V1/third_party/SDL3/cmake/SDL3Config.cmake'
    is newer than 'C:/Users/meven/Documents/Dev/Smash Ultimate/Smash-Ultimate/V1/_build_vs/CMakeFiles/generate.stamp.depend'
    result='-1'
  -- Selecting Windows SDK version 10.0.22621.0 to target Windows 10.0.26100.
  -- [INFO] Current directory: C:/Users/meven/Documents/Dev/Smash Ultimate/Smash-Ultimate/V1
  -- [INFO] Configurations: DEBUG; RELEASE
  -- [INFO] Multi-configuration generator
  -- MSCV DETECTED
  -- [INFO] Copy: C:/Users/meven/Documents/Dev/Smash Ultimate/Smash-Ultimate/V1/third_party/SDL3/bin/SDL3.dll to Debug
  -- [INFO] Copy: C:/Users/meven/Documents/Dev/Smash Ultimate/Smash-Ultimate/V1/third_party/SDL3/bin/SDL3.dll to Release
  -- [INFO] Copy: C:/Users/meven/Documents/Dev/Smash Ultimate/Smash-Ultimate/V1/third_party/SDL3_image/bin/SDL3_image.dll to Debug
  -- [INFO] Copy: C:/Users/meven/Documents/Dev/Smash Ultimate/Smash-Ultimate/V1/third_party/SDL3_image/bin/SDL3_image.dll to Release
  -- [INFO] Copy: C:/Users/meven/Documents/Dev/Smash Ultimate/Smash-Ultimate/V1/third_party/SDL3_ttf/bin/SDL3_ttf.dll to Debug
  -- [INFO] Copy: C:/Users/meven/Documents/Dev/Smash Ultimate/Smash-Ultimate/V1/third_party/SDL3_ttf/bin/SDL3_ttf.dll to Release
  -- [INFO] Copy: C:/Users/meven/Documents/Dev/Smash Ultimate/Smash-Ultimate/V1/third_party/SDL3_mixer/bin/SDL3_mixer.dll to Debug
  -- [INFO] Copy: C:/Users/meven/Documents/Dev/Smash Ultimate/Smash-Ultimate/V1/third_party/SDL3_mixer/bin/SDL3_mixer.dll to Release
  -- Configuring done (0.4s)
  -- Generating done (0.1s)
  -- Build files have been written to: C:/Users/meven/Documents/Dev/Smash Ultimate/Smash-Ultimate/V1/_build_vs
